<?xml version="1.0" encoding="UTF-8"?>
<testsuite name="Cucumber" time="128.255" tests="16" skipped="0" failures="5" errors="0">
<testcase classname="Registration Feature" name="verify user can register with valid username and email (positive) - Example #1.1" time="10.004">
<system-out><![CDATA[
Given user is at home page..................................................passed
When he clicks on register tap..............................................passed
And choose his "Male".......................................................passed
And enters his Fname "she"..................................................passed
And enters his Secondname "name"............................................passed
And select his Day "12".....................................................passed
And select his Month "1"....................................................passed
And select his Year "1999"..................................................passed
And enters his Company "firm1"..............................................passed
And enters his valid "tets52@example.com"...................................passed
And check on newsletter button..............................................passed
And enters and confirms his "123456"........................................passed
And clicks on register button...............................................passed
Then a successful message "Your registration completed" should be displayed.passed
And a continue button should be displayed...................................passed
]]></system-out>
</testcase>
<testcase classname="Registration Feature" name="verify user can register with valid username and email (positive) - Example #1.2" time="7.829">
<system-out><![CDATA[
Given user is at home page..................................................passed
When he clicks on register tap..............................................passed
And choose his "Female".....................................................passed
And enters his Fname "alice"................................................passed
And enters his Secondname "father"..........................................passed
And select his Day "13".....................................................passed
And select his Month "2"....................................................passed
And select his Year "1989"..................................................passed
And enters his Company "company55"..........................................passed
And enters his valid "tets55@example.com"...................................passed
And check on newsletter button..............................................passed
And enters and confirms his "0123456".......................................passed
And clicks on register button...............................................passed
Then a successful message "Your registration completed" should be displayed.passed
And a continue button should be displayed...................................passed
]]></system-out>
</testcase>
<testcase classname="Login Feature" name="Verify user can login with valid email and password - Example #1.1" time="8.968">
<system-out><![CDATA[
Given user is at home page..................................................passed
When user click on login tab................................................passed
And user enters his valid email "tets52@example.com"........................passed
And user enters his valid PW "123456".......................................passed
And user click on login button..............................................passed
Then user is logged in......................................................passed
]]></system-out>
</testcase>
<testcase classname="Currencies Feature" name="verify that all products prices are in same currency as chosen" time="6.273">
<system-out><![CDATA[
Given user is at home page..................................................passed
When user choose currency to "Euro".........................................passed
And user slide down in page.................................................passed
Then all four products prices must contain € sign...........................passed
]]></system-out>
</testcase>
<testcase classname="Search Feature" name="user could search using product name - Example #1.1" time="5.996">
<failure type="java.lang.AssertionError" message="The following asserts failed:
	expected [true] but found [false],
	expected [true] but found [false],
	expected [true] but found [false],
	expected [true] but found [false],
	expected [true] but found [false],
	expected [true] but found [false]">
<![CDATA[java.lang.AssertionError: The following asserts failed:
	expected [true] but found [false],
	expected [true] but found [false],
	expected [true] but found [false],
	expected [true] but found [false],
	expected [true] but found [false],
	expected [true] but found [false]
	at org.testng.asserts.SoftAssert.assertAll(SoftAssert.java:46)
	at org.testng.asserts.SoftAssert.assertAll(SoftAssert.java:30)
	at steDefs.D04_searchStepDef.searchContainsRelevantResults(D04_searchStepDef.java:40)
	at ✽.search contains relevant results "book"(file:///C:/Users/Kimo%20Store/IdeaProjects/Demonopcommerce/src/test/resources/features/F04_Search.feature:9)
]]>
</failure>
<system-out><![CDATA[
Given user is at home page..................................................passed
When user enters product name "book" in search box..........................passed
And user click on search button.............................................passed
Then search contains relevant results "book"................................failed
]]></system-out>
</testcase>
<testcase classname="Search Feature" name="user could search using product name - Example #1.2" time="6.462">
<failure type="java.lang.AssertionError" message="The following asserts failed:
	expected [true] but found [false],
	expected [true] but found [false]">
<![CDATA[java.lang.AssertionError: The following asserts failed:
	expected [true] but found [false],
	expected [true] but found [false]
	at org.testng.asserts.SoftAssert.assertAll(SoftAssert.java:46)
	at org.testng.asserts.SoftAssert.assertAll(SoftAssert.java:30)
	at steDefs.D04_searchStepDef.searchContainsRelevantResults(D04_searchStepDef.java:40)
	at ✽.search contains relevant results "laptop"(file:///C:/Users/Kimo%20Store/IdeaProjects/Demonopcommerce/src/test/resources/features/F04_Search.feature:9)
]]>
</failure>
<system-out><![CDATA[
Given user is at home page..................................................passed
When user enters product name "laptop" in search box........................passed
And user click on search button.............................................passed
Then search contains relevant results "laptop"..............................failed
]]></system-out>
</testcase>
<testcase classname="Search Feature" name="user could search using product name - Example #1.3" time="6.284">
<failure type="java.lang.AssertionError" message="The following asserts failed:
	expected [true] but found [false],
	expected [true] but found [false],
	expected [true] but found [false]">
<![CDATA[java.lang.AssertionError: The following asserts failed:
	expected [true] but found [false],
	expected [true] but found [false],
	expected [true] but found [false]
	at org.testng.asserts.SoftAssert.assertAll(SoftAssert.java:46)
	at org.testng.asserts.SoftAssert.assertAll(SoftAssert.java:30)
	at steDefs.D04_searchStepDef.searchContainsRelevantResults(D04_searchStepDef.java:40)
	at ✽.search contains relevant results "nike"(file:///C:/Users/Kimo%20Store/IdeaProjects/Demonopcommerce/src/test/resources/features/F04_Search.feature:9)
]]>
</failure>
<system-out><![CDATA[
Given user is at home page..................................................passed
When user enters product name "nike" in search box..........................passed
And user click on search button.............................................passed
Then search contains relevant results "nike"................................failed
]]></system-out>
</testcase>
<testcase classname="Search Feature" name="user could search using product SKU - Example #1.1" time="6.482">
<system-out><![CDATA[
Given user is at home page..................................................passed
When user enters product sku "SCI_FAITH" in search box......................passed
And user click on search button.............................................passed
Then product details contain relevant results "SCI_FAITH"...................passed
]]></system-out>
</testcase>
<testcase classname="Search Feature" name="user could search using product SKU - Example #1.2" time="5.917">
<system-out><![CDATA[
Given user is at home page..................................................passed
When user enters product sku "APPLE_CAM" in search box......................passed
And user click on search button.............................................passed
Then product details contain relevant results "APPLE_CAM"...................passed
]]></system-out>
</testcase>
<testcase classname="Search Feature" name="user could search using product SKU - Example #1.3" time="6.787">
<system-out><![CDATA[
Given user is at home page..................................................passed
When user enters product sku "SF_PRO_11" in search box......................passed
And user click on search button.............................................passed
Then product details contain relevant results "SF_PRO_11"...................passed
]]></system-out>
</testcase>
<testcase classname="Follow us Feature" name="verify user can open facebook link" time="6.542">
<system-out><![CDATA[
Given user is at home page..................................................passed
When user opens facebook link...............................................passed
Then "https://www.facebook.com/nopCommerce" is opened in new tab............passed
]]></system-out>
</testcase>
<testcase classname="Follow us Feature" name="Verify user can open twitter link" time="11.183">
<system-out><![CDATA[
When user opens twitter link................................................passed
Then "https://twitter.com/nopCommerce" is opened in new tab.................passed
]]></system-out>
</testcase>
<testcase classname="Follow us Feature" name="Verify user can open youtube link" time="13.828">
<system-out><![CDATA[
When user opens youtube link................................................passed
Then "https://www.youtube.com/user/nopCommerce" is opened in new tab........passed
]]></system-out>
</testcase>
<testcase classname="Follow us Feature" name="Verify user can open rss link" time="10.054">
<failure type="org.openqa.selenium.TimeoutException" message="Expected condition failed: waiting for number of open windows to be 2 (tried for 5 second(s) with 500 milliseconds interval)
Build info: version: '4.13.0', revision: 'ba948ece5b*'
System info: os.name: 'Windows 10', os.arch: 'amd64', os.version: '10.0', java.version: '17.0.9'
Driver info: org.openqa.selenium.chrome.ChromeDriver
Capabilities {acceptInsecureCerts: false, browserName: chrome, browserVersion: 121.0.6167.161, chrome: {chromedriverVersion: 121.0.6167.85 (3f98d690ad7e..., userDataDir: C:\Users\KIMOST~1\AppData\L...}, fedcm:accounts: true, goog:chromeOptions: {debuggerAddress: localhost:57267}, networkConnectionEnabled: false, pageLoadStrategy: normal, platformName: windows, proxy: Proxy(), se:cdp: ws://localhost:57267/devtoo..., se:cdpVersion: 121.0.6167.161, setWindowRect: true, strictFileInteractability: false, timeouts: {implicit: 0, pageLoad: 300000, script: 30000}, unhandledPromptBehavior: dismiss and notify, webauthn:extension:credBlob: true, webauthn:extension:largeBlob: true, webauthn:extension:minPinLength: true, webauthn:extension:prf: true, webauthn:virtualAuthenticators: true}
Session ID: eb5c0d996462adb70d19c87ce9e21b96">
<![CDATA[org.openqa.selenium.TimeoutException: Expected condition failed: waiting for number of open windows to be 2 (tried for 5 second(s) with 500 milliseconds interval)
Build info: version: '4.13.0', revision: 'ba948ece5b*'
System info: os.name: 'Windows 10', os.arch: 'amd64', os.version: '10.0', java.version: '17.0.9'
Driver info: org.openqa.selenium.chrome.ChromeDriver
Capabilities {acceptInsecureCerts: false, browserName: chrome, browserVersion: 121.0.6167.161, chrome: {chromedriverVersion: 121.0.6167.85 (3f98d690ad7e..., userDataDir: C:\Users\KIMOST~1\AppData\L...}, fedcm:accounts: true, goog:chromeOptions: {debuggerAddress: localhost:57267}, networkConnectionEnabled: false, pageLoadStrategy: normal, platformName: windows, proxy: Proxy(), se:cdp: ws://localhost:57267/devtoo..., se:cdpVersion: 121.0.6167.161, setWindowRect: true, strictFileInteractability: false, timeouts: {implicit: 0, pageLoad: 300000, script: 30000}, unhandledPromptBehavior: dismiss and notify, webauthn:extension:credBlob: true, webauthn:extension:largeBlob: true, webauthn:extension:minPinLength: true, webauthn:extension:prf: true, webauthn:virtualAuthenticators: true}
Session ID: eb5c0d996462adb70d19c87ce9e21b96
	at org.openqa.selenium.support.ui.WebDriverWait.timeoutException(WebDriverWait.java:84)
	at org.openqa.selenium.support.ui.FluentWait.until(FluentWait.java:230)
	at pages.PageBase.wait_until_number_of_tabs(PageBase.java:76)
	at steDefs.D07_followUsStepDef.is_opened_in_new_tab(D07_followUsStepDef.java:36)
	at ✽."https://demo.nopcommerce.com/new-online-store-is-open" is opened in new tab(file:///C:/Users/Kimo%20Store/IdeaProjects/Demonopcommerce/src/test/resources/features/F07_followUs.feature:19)
]]>
</failure>
<system-out><![CDATA[
When user opens rss link....................................................passed
Then "https://demo.nopcommerce.com/new-online-store-is-open" is opened in new tab.failed
]]></system-out>
</testcase>
<testcase classname="Wishlist" name="user can add an item to wishlist" time="5.49">
<system-out><![CDATA[
When user click on wishlist button for a product............................passed
Then success message "The product has been added to your wishlist" should must appear.passed
And the background of message is green (#4bb07a)............................passed
]]></system-out>
</testcase>
<testcase classname="Wishlist" name="user find the product he added when opens wishlist tab" time="9.301">
<failure type="org.openqa.selenium.NoSuchElementException" message="no such element: Unable to locate element: {&quot;method&quot;:&quot;css selector&quot;,&quot;selector&quot;:&quot;.bar\-notification&quot;}
  (Session info: chrome=121.0.6167.161)
For documentation on this error, please visit: https://www.selenium.dev/documentation/webdriver/troubleshooting/errors#no-such-element-exception
Build info: version: '4.13.0', revision: 'ba948ece5b*'
System info: os.name: 'Windows 10', os.arch: 'amd64', os.version: '10.0', java.version: '17.0.9'
Driver info: org.openqa.selenium.chrome.ChromeDriver
Command: [6a5477b0de004c4d301b054fd5b3f133, findElement {using=class name, value=bar-notification}]
Capabilities {acceptInsecureCerts: false, browserName: chrome, browserVersion: 121.0.6167.161, chrome: {chromedriverVersion: 121.0.6167.85 (3f98d690ad7e..., userDataDir: C:\Users\KIMOST~1\AppData\L...}, fedcm:accounts: true, goog:chromeOptions: {debuggerAddress: localhost:57309}, networkConnectionEnabled: false, pageLoadStrategy: normal, platformName: windows, proxy: Proxy(), se:cdp: ws://localhost:57309/devtoo..., se:cdpVersion: 121.0.6167.161, setWindowRect: true, strictFileInteractability: false, timeouts: {implicit: 0, pageLoad: 300000, script: 30000}, unhandledPromptBehavior: dismiss and notify, webauthn:extension:credBlob: true, webauthn:extension:largeBlob: true, webauthn:extension:minPinLength: true, webauthn:extension:prf: true, webauthn:virtualAuthenticators: true}
Session ID: 6a5477b0de004c4d301b054fd5b3f133">
<![CDATA[org.openqa.selenium.NoSuchElementException: no such element: Unable to locate element: {"method":"css selector","selector":".bar\-notification"}
  (Session info: chrome=121.0.6167.161)
For documentation on this error, please visit: https://www.selenium.dev/documentation/webdriver/troubleshooting/errors#no-such-element-exception
Build info: version: '4.13.0', revision: 'ba948ece5b*'
System info: os.name: 'Windows 10', os.arch: 'amd64', os.version: '10.0', java.version: '17.0.9'
Driver info: org.openqa.selenium.chrome.ChromeDriver
Command: [6a5477b0de004c4d301b054fd5b3f133, findElement {using=class name, value=bar-notification}]
Capabilities {acceptInsecureCerts: false, browserName: chrome, browserVersion: 121.0.6167.161, chrome: {chromedriverVersion: 121.0.6167.85 (3f98d690ad7e..., userDataDir: C:\Users\KIMOST~1\AppData\L...}, fedcm:accounts: true, goog:chromeOptions: {debuggerAddress: localhost:57309}, networkConnectionEnabled: false, pageLoadStrategy: normal, platformName: windows, proxy: Proxy(), se:cdp: ws://localhost:57309/devtoo..., se:cdpVersion: 121.0.6167.161, setWindowRect: true, strictFileInteractability: false, timeouts: {implicit: 0, pageLoad: 300000, script: 30000}, unhandledPromptBehavior: dismiss and notify, webauthn:extension:credBlob: true, webauthn:extension:largeBlob: true, webauthn:extension:minPinLength: true, webauthn:extension:prf: true, webauthn:virtualAuthenticators: true}
Session ID: 6a5477b0de004c4d301b054fd5b3f133
	at java.base/jdk.internal.reflect.NativeConstructorAccessorImpl.newInstance0(Native Method)
	at java.base/jdk.internal.reflect.NativeConstructorAccessorImpl.newInstance(NativeConstructorAccessorImpl.java:77)
	at java.base/jdk.internal.reflect.DelegatingConstructorAccessorImpl.newInstance(DelegatingConstructorAccessorImpl.java:45)
	at java.base/java.lang.reflect.Constructor.newInstanceWithCaller(Constructor.java:499)
	at java.base/java.lang.reflect.Constructor.newInstance(Constructor.java:480)
	at org.openqa.selenium.remote.codec.w3c.W3CHttpResponseCodec.createException(W3CHttpResponseCodec.java:200)
	at org.openqa.selenium.remote.codec.w3c.W3CHttpResponseCodec.decode(W3CHttpResponseCodec.java:133)
	at org.openqa.selenium.remote.codec.w3c.W3CHttpResponseCodec.decode(W3CHttpResponseCodec.java:52)
	at org.openqa.selenium.remote.HttpCommandExecutor.execute(HttpCommandExecutor.java:191)
	at org.openqa.selenium.remote.service.DriverCommandExecutor.invokeExecute(DriverCommandExecutor.java:196)
	at org.openqa.selenium.remote.service.DriverCommandExecutor.execute(DriverCommandExecutor.java:171)
	at org.openqa.selenium.remote.RemoteWebDriver.execute(RemoteWebDriver.java:602)
	at org.openqa.selenium.remote.ElementLocation$ElementFinder$2.findElement(ElementLocation.java:165)
	at org.openqa.selenium.remote.ElementLocation.findElement(ElementLocation.java:66)
	at org.openqa.selenium.remote.RemoteWebDriver.findElement(RemoteWebDriver.java:359)
	at org.openqa.selenium.remote.RemoteWebDriver.findElement(RemoteWebDriver.java:353)
	at pages.PageBase.wait_until_element_isDisplayed(PageBase.java:91)
	at pages.P00_homePage.wishlist_success_msg_isdisplayed(P00_homePage.java:139)
	at steDefs.D08_WishlistStepDef.user_opens_wishlist_tab(D08_WishlistStepDef.java:43)
	at ✽.user opens wishlist tab(file:///C:/Users/Kimo%20Store/IdeaProjects/Demonopcommerce/src/test/resources/features/F08_Wishlist.feature:10)
]]>
</failure>
<system-out><![CDATA[
When user click on wishlist button for a product............................passed
And user opens wishlist tab.................................................failed
Then then wishlist quanitiy value should be greater than zero...............skipped
]]></system-out>
</testcase>
</testsuite>
